1756508201035:hello
1756508279892:menu
1756508354526:criar-board
1756508385100:criar-board <nome>
1756508417185:criar-board <tarefas da facul>
1756508579369:menu
1756508584207:criar-board <tarefas da facul>
1756509882931:menu
1756509903241:criar-board <tarefas facul>
1756510089212:menu
1756510115603:criar-boar <TarefasFacul>
1756510229406:criar-board <TarefasFacul>
1756510796112:menu
1756510799567:criar-board <TarefasFacul>
1756513353903:menu
1756513357059:criar-board <TarefasFacul>
1756513375609:selecionar-board <1>
1756513535372:selecionar-board 1
1756513596058:criar-card <prova de lac>
1765821727895:menu
1765821761465:exit
